<?xml version="1.0" encoding="UTF-8"?>
<!-- Generated by org.testng.reporters.JUnitXMLReporter -->
<testsuite hostname="LAPTOP-A42B5ES7" ignored="8" name="Test" tests="2" failures="0" timestamp="2021-11-12T21:55:09 IST" time="33.624" errors="0">
  <testcase name="createContactWithOrgTest" time="12.529" classname="com.vtiger.createcontact.CreateContactWithOrganizationTest"/>
  <testcase name="createOrgWithIndustriesTest" time="6.753" classname="com.vtiger.createorganization.CreateOrganizationWithIndustry"/>
  <testcase name="@AfterSuite configAS" time="0.0" classname="com.vtiger.genericutility.BaseClass">
    <ignored/>
  </testcase> <!-- @AfterSuite configAS -->
  <testcase name="@AfterSuite configAS" time="0.0" classname="com.vtiger.genericutility.BaseClass">
    <ignored/>
  </testcase> <!-- @AfterSuite configAS -->
  <testcase name="@AfterSuite configAS" time="0.0" classname="com.vtiger.genericutility.BaseClass">
    <ignored/>
  </testcase> <!-- @AfterSuite configAS -->
  <testcase name="createOrgTest" time="0.0" classname="com.vtiger.createorganization.CreateOrgTest">
    <ignored/>
  </testcase> <!-- createOrgTest -->
  <testcase name="@BeforeSuite configBS" time="0.0" classname="com.vtiger.genericutility.BaseClass">
    <ignored/>
  </testcase> <!-- @BeforeSuite configBS -->
  <testcase name="@BeforeSuite configBS" time="0.0" classname="com.vtiger.genericutility.BaseClass">
    <ignored/>
  </testcase> <!-- @BeforeSuite configBS -->
  <testcase name="@BeforeSuite configBS" time="0.0" classname="com.vtiger.genericutility.BaseClass">
    <ignored/>
  </testcase> <!-- @BeforeSuite configBS -->
  <testcase name="createContactTest" time="0.0" classname="com.vtiger.createcontact.CreateContactTest">
    <ignored/>
  </testcase> <!-- createContactTest -->
</testsuite> <!-- Test -->
