<?xml version="1.0" encoding="UTF-8"?>
<!-- Generated by org.testng.reporters.JUnitXMLReporter -->
<testsuite hostname="LAPTOP-A42B5ES7" ignored="6" name="Testrunner-1" tests="4" failures="0" timestamp="2021-11-12T22:10:00 IST" time="65.387" errors="0">
  <testcase name="createContactWithOrgTest" time="14.904" classname="com.vtiger.createcontact.CreateContactWithOrganizationTest"/>
  <testcase name="createOrgTest" time="7.536" classname="com.vtiger.createorganization.CreateOrgTest"/>
  <testcase name="createOrgWithIndustriesTest" time="8.687" classname="com.vtiger.createorganization.CreateOrganizationWithIndustry"/>
  <testcase name="createContactTest" time="7.866" classname="com.vtiger.createcontact.CreateContactTest"/>
  <testcase name="@AfterSuite configAS" time="0.0" classname="com.vtiger.genericutility.BaseClass">
    <ignored/>
  </testcase> <!-- @AfterSuite configAS -->
  <testcase name="@AfterSuite configAS" time="0.0" classname="com.vtiger.genericutility.BaseClass">
    <ignored/>
  </testcase> <!-- @AfterSuite configAS -->
  <testcase name="@AfterSuite configAS" time="0.0" classname="com.vtiger.genericutility.BaseClass">
    <ignored/>
  </testcase> <!-- @AfterSuite configAS -->
  <testcase name="@BeforeSuite configBS" time="0.0" classname="com.vtiger.genericutility.BaseClass">
    <ignored/>
  </testcase> <!-- @BeforeSuite configBS -->
  <testcase name="@BeforeSuite configBS" time="0.0" classname="com.vtiger.genericutility.BaseClass">
    <ignored/>
  </testcase> <!-- @BeforeSuite configBS -->
  <testcase name="@BeforeSuite configBS" time="0.0" classname="com.vtiger.genericutility.BaseClass">
    <ignored/>
  </testcase> <!-- @BeforeSuite configBS -->
</testsuite> <!-- Testrunner-1 -->
