<?xml version="1.0" encoding="UTF-8"?>
<!-- Generated by org.testng.reporters.JUnitXMLReporter -->
<testsuite hostname="LAPTOP-A42B5ES7" ignored="6" name="Testrunner-2" tests="4" failures="0" timestamp="2021-11-12T22:10:05 IST" time="70.022" errors="0">
  <testcase name="createContactWithOrgTest" time="14.301" classname="com.vtiger.createcontact.CreateContactWithOrganizationTest"/>
  <testcase name="createOrgTest" time="7.213" classname="com.vtiger.createorganization.CreateOrgTest"/>
  <testcase name="createOrgWithIndustriesTest" time="7.819" classname="com.vtiger.createorganization.CreateOrganizationWithIndustry"/>
  <testcase name="createContactTest" time="6.995" classname="com.vtiger.createcontact.CreateContactTest"/>
  <testcase name="@AfterSuite configAS" time="0.0" classname="com.vtiger.genericutility.BaseClass">
    <ignored/>
  </testcase> <!-- @AfterSuite configAS -->
  <testcase name="@AfterSuite configAS" time="0.0" classname="com.vtiger.genericutility.BaseClass">
    <ignored/>
  </testcase> <!-- @AfterSuite configAS -->
  <testcase name="@AfterSuite configAS" time="0.0" classname="com.vtiger.genericutility.BaseClass">
    <ignored/>
  </testcase> <!-- @AfterSuite configAS -->
  <testcase name="@BeforeSuite configBS" time="0.0" classname="com.vtiger.genericutility.BaseClass">
    <ignored/>
  </testcase> <!-- @BeforeSuite configBS -->
  <testcase name="@BeforeSuite configBS" time="0.0" classname="com.vtiger.genericutility.BaseClass">
    <ignored/>
  </testcase> <!-- @BeforeSuite configBS -->
  <testcase name="@BeforeSuite configBS" time="0.0" classname="com.vtiger.genericutility.BaseClass">
    <ignored/>
  </testcase> <!-- @BeforeSuite configBS -->
</testsuite> <!-- Testrunner-2 -->
